  Assembling 0_Plantilla_.asm...
  Assembling 10_IntroMacros_.asm...
  Assembling 11_IntroMacrosV2_.asm...
  Assembling 12_IntroMacrosV3_.asm...
  Assembling 13_Macro_V1_AreaRectangulo.asm...
  Assembling 14_Macro_V2_AreaRectangulo.asm...
  Assembling 15_Macros_V3_AreaRectangulo_.asm...
  Assembling 1_Pro_Wait_.asm...
  Assembling 2_ReadWriteChar_.asm...
  Assembling 3_RandomV1_.asm...
  Assembling 4_RandomV2_.asm...
  Assembling 5_RandomV3_.asm...
  Assembling 6_ReadString_.asm...
  Assembling 7_MsgBox_.asm...
  Assembling 8_MsgBoxAsk_.asm...
  Assembling 9_Delay_Clscr_.asm...
0_Plantilla_.obj : warning LNK4258: la directiva '/ENTRY:main0@0' no es compatible con el modificador '/ENTRY:main10'; se ha omitido
10_IntroMacros_.obj : warning LNK4258: la directiva '/ENTRY:main10@0' no es compatible con el modificador '/ENTRY:main10'; se ha omitido
11_IntroMacrosV2_.obj : warning LNK4258: la directiva '/ENTRY:main11@0' no es compatible con el modificador '/ENTRY:main10'; se ha omitido
12_IntroMacrosV3_.obj : warning LNK4258: la directiva '/ENTRY:main12@0' no es compatible con el modificador '/ENTRY:main10'; se ha omitido
13_Macro_V1_AreaRectangulo.obj : warning LNK4258: la directiva '/ENTRY:main13@0' no es compatible con el modificador '/ENTRY:main10'; se ha omitido
14_Macro_V2_AreaRectangulo.obj : warning LNK4258: la directiva '/ENTRY:main14@0' no es compatible con el modificador '/ENTRY:main10'; se ha omitido
15_Macros_V3_AreaRectangulo_.obj : warning LNK4258: la directiva '/ENTRY:main15@0' no es compatible con el modificador '/ENTRY:main10'; se ha omitido
1_Pro_Wait_.obj : warning LNK4258: la directiva '/ENTRY:main1@0' no es compatible con el modificador '/ENTRY:main10'; se ha omitido
2_ReadWriteChar_.obj : warning LNK4258: la directiva '/ENTRY:main2@0' no es compatible con el modificador '/ENTRY:main10'; se ha omitido
3_RandomV1_.obj : warning LNK4258: la directiva '/ENTRY:main3@0' no es compatible con el modificador '/ENTRY:main10'; se ha omitido
4_RandomV2_.obj : warning LNK4258: la directiva '/ENTRY:main4@0' no es compatible con el modificador '/ENTRY:main10'; se ha omitido
5_RandomV3_.obj : warning LNK4258: la directiva '/ENTRY:main5@0' no es compatible con el modificador '/ENTRY:main10'; se ha omitido
6_ReadString_.obj : warning LNK4258: la directiva '/ENTRY:main6@0' no es compatible con el modificador '/ENTRY:main10'; se ha omitido
7_MsgBox_.obj : warning LNK4258: la directiva '/ENTRY:main7@0' no es compatible con el modificador '/ENTRY:main10'; se ha omitido
8_MsgBoxAsk_.obj : warning LNK4258: la directiva '/ENTRY:main8@0' no es compatible con el modificador '/ENTRY:main10'; se ha omitido
9_Delay_Clscr_.obj : warning LNK4258: la directiva '/ENTRY:main9@0' no es compatible con el modificador '/ENTRY:main10'; se ha omitido
  PM_4_ClaseU3.vcxproj -> D:\Documentos\UAT\UAT 8vo Semestre\#8 Programación de Microprocesadores\PM_CLASE\Unidad_3\PM_4_ClaseU3\Debug\PM_4_ClaseU3.exe
